# JRE version: OpenJDK Runtime Environment Temurin-22.0.2+9 (22.0.2+9) (build 22.0.2+9)
# Java VM: OpenJDK 64-Bit Server VM Temurin-22.0.2+9 (22.0.2+9, mixed mode, tiered, compressed oops, compressed class ptrs, g1 gc, bsd-aarch64)
Heap:
 garbage-first heap   total reserved 2097152K, committed 46080K, used 13871K [0x0000000780000000, 0x0000000800000000)
  region size 1024K, 3 young (3072K), 1 survivors (1024K)
 Metaspace       used 21568K, committed 22144K, reserved 1114112K
  class space    used 2266K, committed 2496K, reserved 1048576K
GC Heap History (20 events):
Event: 1605.218 GC heap before
{Heap before GC invocations=24 (full 0):
 garbage-first heap   total reserved 2097152K, committed 46080K, used 38956K [0x0000000780000000, 0x0000000800000000)
  region size 1024K, 27 young (27648K), 1 survivors (1024K)
 Metaspace       used 21567K, committed 22144K, reserved 1114112K
  class space    used 2266K, committed 2496K, reserved 1048576K
}
Event: 1605.224 GC heap after
{Heap after GC invocations=25 (full 0):
 garbage-first heap   total reserved 2097152K, committed 46080K, used 10282K [0x0000000780000000, 0x0000000800000000)
  region size 1024K, 1 young (1024K), 1 survivors (1024K)
 Metaspace       used 21567K, committed 22144K, reserved 1114112K
  class space    used 2266K, committed 2496K, reserved 1048576K
}
Event: 1675.843 GC heap before
{Heap before GC invocations=25 (full 0):
 garbage-first heap   total reserved 2097152K, committed 46080K, used 38954K [0x0000000780000000, 0x0000000800000000)
  region size 1024K, 27 young (27648K), 1 survivors (1024K)
 Metaspace       used 21567K, committed 22144K, reserved 1114112K
  class space    used 2266K, committed 2496K, reserved 1048576K
}
Event: 1675.847 GC heap after
{Heap after GC invocations=26 (full 0):
 garbage-first heap   total reserved 2097152K, committed 46080K, used 10284K [0x0000000780000000, 0x0000000800000000)
  region size 1024K, 1 young (1024K), 1 survivors (1024K)
 Metaspace       used 21567K, committed 22144K, reserved 1114112K
  class space    used 2266K, committed 2496K, reserved 1048576K
}
Event: 1746.405 GC heap before
{Heap before GC invocations=26 (full 0):
 garbage-first heap   total reserved 2097152K, committed 46080K, used 38956K [0x0000000780000000, 0x0000000800000000)
  region size 1024K, 27 young (27648K), 1 survivors (1024K)
 Metaspace       used 21567K, committed 22144K, reserved 1114112K
  class space    used 2266K, committed 2496K, reserved 1048576K
}
Event: 1746.408 GC heap after
{Heap after GC invocations=27 (full 0):
 garbage-first heap   total reserved 2097152K, committed 46080K, used 10280K [0x0000000780000000, 0x0000000800000000)
  region size 1024K, 1 young (1024K), 1 survivors (1024K)
 Metaspace       used 21567K, committed 22144K, reserved 1114112K
  class space    used 2266K, committed 2496K, reserved 1048576K
}
Event: 1816.884 GC heap before
{Heap before GC invocations=27 (full 0):
 garbage-first heap   total reserved 2097152K, committed 46080K, used 38952K [0x0000000780000000, 0x0000000800000000)
  region size 1024K, 27 young (27648K), 1 survivors (1024K)
 Metaspace       used 21567K, committed 22144K, reserved 1114112K
  class space    used 2266K, committed 2496K, reserved 1048576K
}
Event: 1816.888 GC heap after
{Heap after GC invocations=28 (full 0):
 garbage-first heap   total reserved 2097152K, committed 46080K, used 10280K [0x0000000780000000, 0x0000000800000000)
  region size 1024K, 1 young (1024K), 1 survivors (1024K)
 Metaspace       used 21567K, committed 22144K, reserved 1114112K
  class space    used 2266K, committed 2496K, reserved 1048576K
}
Event: 1887.383 GC heap before
{Heap before GC invocations=28 (full 0):
 garbage-first heap   total reserved 2097152K, committed 46080K, used 38952K [0x0000000780000000, 0x0000000800000000)
  region size 1024K, 27 young (27648K), 1 survivors (1024K)
 Metaspace       used 21567K, committed 22144K, reserved 1114112K
  class space    used 2266K, committed 2496K, reserved 1048576K
}
Event: 1887.385 GC heap after
{Heap after GC invocations=29 (full 0):
 garbage-first heap   total reserved 2097152K, committed 46080K, used 10280K [0x0000000780000000, 0x0000000800000000)
  region size 1024K, 1 young (1024K), 1 survivors (1024K)
 Metaspace       used 21567K, committed 22144K, reserved 1114112K
  class space    used 2266K, committed 2496K, reserved 1048576K
}
Event: 1959.870 GC heap before
{Heap before GC invocations=29 (full 0):
 garbage-first heap   total reserved 2097152K, committed 46080K, used 38952K [0x0000000780000000, 0x0000000800000000)
  region size 1024K, 27 young (27648K), 1 survivors (1024K)
 Metaspace       used 21567K, committed 22144K, reserved 1114112K
  class space    used 2266K, committed 2496K, reserved 1048576K
}
Event: 1959.874 GC heap after
{Heap after GC invocations=30 (full 0):
 garbage-first heap   total reserved 2097152K, committed 46080K, used 10280K [0x0000000780000000, 0x0000000800000000)
  region size 1024K, 1 young (1024K), 1 survivors (1024K)
 Metaspace       used 21567K, committed 22144K, reserved 1114112K
  class space    used 2266K, committed 2496K, reserved 1048576K
}
Event: 2032.382 GC heap before
{Heap before GC invocations=30 (full 0):
 garbage-first heap   total reserved 2097152K, committed 46080K, used 38952K [0x0000000780000000, 0x0000000800000000)
  region size 1024K, 27 young (27648K), 1 survivors (1024K)
 Metaspace       used 21568K, committed 22144K, reserved 1114112K
  class space    used 2266K, committed 2496K, reserved 1048576K
}
Event: 2032.387 GC heap after
{Heap after GC invocations=31 (full 0):
 garbage-first heap   total reserved 2097152K, committed 46080K, used 10284K [0x0000000780000000, 0x0000000800000000)
  region size 1024K, 1 young (1024K), 1 survivors (1024K)
 Metaspace       used 21568K, committed 22144K, reserved 1114112K
  class space    used 2266K, committed 2496K, reserved 1048576K
}
Event: 2102.567 GC heap before
{Heap before GC invocations=31 (full 0):
 garbage-first heap   total reserved 2097152K, committed 46080K, used 38956K [0x0000000780000000, 0x0000000800000000)
  region size 1024K, 27 young (27648K), 1 survivors (1024K)
 Metaspace       used 21568K, committed 22144K, reserved 1114112K
  class space    used 2266K, committed 2496K, reserved 1048576K
}
Event: 2102.571 GC heap after
{Heap after GC invocations=32 (full 0):
 garbage-first heap   total reserved 2097152K, committed 46080K, used 10278K [0x0000000780000000, 0x0000000800000000)
  region size 1024K, 1 young (1024K), 1 survivors (1024K)
 Metaspace       used 21568K, committed 22144K, reserved 1114112K
  class space    used 2266K, committed 2496K, reserved 1048576K
}
Event: 2173.029 GC heap before
{Heap before GC invocations=32 (full 0):
 garbage-first heap   total reserved 2097152K, committed 46080K, used 38950K [0x0000000780000000, 0x0000000800000000)
  region size 1024K, 27 young (27648K), 1 survivors (1024K)
 Metaspace       used 21568K, committed 22144K, reserved 1114112K
  class space    used 2266K, committed 2496K, reserved 1048576K
}
Event: 2173.034 GC heap after
{Heap after GC invocations=33 (full 0):
 garbage-first heap   total reserved 2097152K, committed 46080K, used 10284K [0x0000000780000000, 0x0000000800000000)
  region size 1024K, 1 young (1024K), 1 survivors (1024K)
 Metaspace       used 21568K, committed 22144K, reserved 1114112K
  class space    used 2266K, committed 2496K, reserved 1048576K
}
Event: 2243.631 GC heap before
{Heap before GC invocations=33 (full 0):
 garbage-first heap   total reserved 2097152K, committed 46080K, used 38956K [0x0000000780000000, 0x0000000800000000)
  region size 1024K, 27 young (27648K), 1 survivors (1024K)
 Metaspace       used 21568K, committed 22144K, reserved 1114112K
  class space    used 2266K, committed 2496K, reserved 1048576K
}
Event: 2243.633 GC heap after
{Heap after GC invocations=34 (full 0):
 garbage-first heap   total reserved 2097152K, committed 46080K, used 10284K [0x0000000780000000, 0x0000000800000000)
  region size 1024K, 1 young (1024K), 1 survivors (1024K)
 Metaspace       used 21568K, committed 22144K, reserved 1114112K
  class space    used 2266K, committed 2496K, reserved 1048576K
}

